2026-02-20 15:32:24,941 - INFO - Current character: H, Vowel count: 0
2026-02-20 15:32:24,941 - INFO - Current character: e, Vowel count: 1
2026-02-20 15:32:24,941 - INFO - Current character: l, Vowel count: 1
2026-02-20 15:32:24,941 - INFO - Current character: l, Vowel count: 1
2026-02-20 15:32:24,941 - INFO - Current character: o, Vowel count: 2
2026-02-20 15:32:24,941 - INFO - Current character:  , Vowel count: 2
2026-02-20 15:32:24,941 - INFO - Current character: W, Vowel count: 2
2026-02-20 15:32:24,941 - INFO - Current character: o, Vowel count: 3
2026-02-20 15:32:24,941 - INFO - Current character: r, Vowel count: 3
2026-02-20 15:32:24,941 - INFO - Current character: l, Vowel count: 3
2026-02-20 15:32:24,941 - INFO - Current character: d, Vowel count: 3
2026-02-20 15:38:03,182 - INFO - Current character: H, Frequency: 1
2026-02-20 15:38:03,183 - INFO - Current character: e, Frequency: 1
2026-02-20 15:38:03,183 - INFO - Current character: l, Frequency: 1
2026-02-20 15:38:03,183 - INFO - Current character: l, Frequency: 1
2026-02-20 15:38:03,183 - INFO - Current character: o, Frequency: 1
2026-02-20 15:38:03,183 - INFO - Current character:  , Frequency: 0
2026-02-20 15:38:03,183 - INFO - Current character: W, Frequency: 1
2026-02-20 15:38:03,183 - INFO - Current character: o, Frequency: 1
2026-02-20 15:38:03,183 - INFO - Current character: r, Frequency: 1
2026-02-20 15:38:03,183 - INFO - Current character: l, Frequency: 1
2026-02-20 15:38:03,183 - INFO - Current character: d, Frequency: 1
2026-02-20 15:38:21,615 - INFO - Current character: H, Frequency: 1
2026-02-20 15:38:21,615 - INFO - Current character: e, Frequency: 1
2026-02-20 15:38:21,615 - INFO - Current character: l, Frequency: 1
2026-02-20 15:38:21,615 - INFO - Current character: l, Frequency: 1
2026-02-20 15:38:21,615 - INFO - Current character: o, Frequency: 1
2026-02-20 15:38:21,615 - INFO - Current character:  , Frequency: 0
2026-02-20 15:38:21,615 - INFO - Current character: W, Frequency: 1
2026-02-20 15:38:21,615 - INFO - Current character: o, Frequency: 1
2026-02-20 15:38:21,615 - INFO - Current character: r, Frequency: 1
2026-02-20 15:38:21,615 - INFO - Current character: l, Frequency: 1
2026-02-20 15:38:21,615 - INFO - Current character: d, Frequency: 1
2026-02-20 15:39:27,491 - INFO - Current character: H, Frequency: 1
2026-02-20 15:39:27,491 - INFO - Current character: e, Frequency: 1
2026-02-20 15:39:27,491 - INFO - Current character: l, Frequency: 1
2026-02-20 15:39:27,491 - INFO - Current character: l, Frequency: 1
2026-02-20 15:39:27,491 - INFO - Current character: o, Frequency: 1
2026-02-20 15:39:27,491 - INFO - Current character:  , Frequency: 0
2026-02-20 15:39:27,491 - INFO - Current character: W, Frequency: 1
2026-02-20 15:39:27,491 - INFO - Current character: o, Frequency: 1
2026-02-20 15:39:27,491 - INFO - Current character: r, Frequency: 1
2026-02-20 15:39:27,491 - INFO - Current character: l, Frequency: 1
2026-02-20 15:39:27,491 - INFO - Current character: d, Frequency: 1
2026-02-20 15:39:36,859 - INFO - Current character: H, Frequency: 1
2026-02-20 15:39:36,860 - INFO - Current character: e, Frequency: 1
2026-02-20 15:39:36,860 - INFO - Current character: l, Frequency: 1
2026-02-20 15:39:36,860 - INFO - Current character: l, Frequency: 1
2026-02-20 15:39:36,860 - INFO - Current character: o, Frequency: 1
2026-02-20 15:39:36,860 - INFO - Current character:  , Frequency: 0
2026-02-20 15:39:36,860 - INFO - Current character: W, Frequency: 1
2026-02-20 15:39:36,860 - INFO - Current character: o, Frequency: 1
2026-02-20 15:39:36,860 - INFO - Current character: r, Frequency: 1
2026-02-20 15:39:36,860 - INFO - Current character: l, Frequency: 1
2026-02-20 15:39:36,860 - INFO - Current character: d, Frequency: 1
